(py_visualize) $ python UdpMonitorFromWeatherSensor_textTime.py --sqlite3-db ~/db/weather_texttime_db 
INFO Dell-T7500 Listen: ('', 2222)
INFO server ip: ('192.168.0.31', 2222)
DEBUG 2023-10-31 14:56:33.849
DEBUG (1, '2023-10-31 14:56:33.849', 17.2, 20.5, 49.8, 1015.4)
DEBUG 2023-10-31 15:06:16.633
DEBUG (1, '2023-10-31 15:06:16.633', 16.6, 20.5, 49.5, 1015.4)
DEBUG 2023-10-31 15:16:00.999
DEBUG (1, '2023-10-31 15:16:00.999', 16.6, 20.5, 49.6, 1015.4)
DEBUG 2023-10-31 15:25:45.024
DEBUG (1, '2023-10-31 15:25:45.024', 16.2, 20.5, 49.9, 1015.5)
DEBUG 2023-10-31 15:35:29.139
DEBUG (1, '2023-10-31 15:35:29.139', 15.7, 20.4, 49.8, 1015.4)
DEBUG 2023-10-31 15:45:13.162
DEBUG (1, '2023-10-31 15:45:13.162', 15.5, 20.3, 50.0, 1015.5)
DEBUG 2023-10-31 15:54:57.116
DEBUG (1, '2023-10-31 15:54:57.116', 15.0, 20.2, 49.8, 1015.6)
DEBUG 2023-10-31 16:04:41.117
DEBUG (1, '2023-10-31 16:04:41.117', 14.8, 20.1, 49.7, 1015.5)
DEBUG 2023-10-31 16:14:26.132
DEBUG (1, '2023-10-31 16:14:26.132', 14.5, 20.0, 49.4, 1015.6)
DEBUG 2023-10-31 16:24:08.556
DEBUG (1, '2023-10-31 16:24:08.556', 14.3, 19.9, 49.1, 1015.5)
DEBUG 2023-10-31 16:33:52.569
DEBUG (1, '2023-10-31 16:33:52.569', 14.2, 19.8, 49.0, 1015.7)
DEBUG 2023-10-31 16:43:36.766
DEBUG (1, '2023-10-31 16:43:36.766', 14.0, 19.8, 49.7, 1015.7)
DEBUG 2023-10-31 16:53:20.850
DEBUG (1, '2023-10-31 16:53:20.850', 13.9, 19.8, 50.0, 1015.7)
DEBUG 2023-10-31 17:03:05.072
DEBUG (1, '2023-10-31 17:03:05.072', 13.7, 19.8, 50.3, 1015.7)

